<?xml version="1.0" encoding="UTF-8"?>
<!-- Generated by org.testng.reporters.JUnitReportReporter -->
<testsuite hostname="windows-agent" failures="0" tests="1" name="firefox_ok" time="18.534" errors="0" timestamp="2021-08-02T13:59:36 CEST" skipped="0">
  <testcase classname="firefox_ok" name="testMain" time="18.534"/>
  <system-out/>
</testsuite> <!-- firefox_ok -->
