<?xml version="1.0" encoding="UTF-8"?>
<testsuite name="OpenWeatherTest.ForecastSuite" tests="2" failures="1" errors="0" time="0.529"><properties><property name="awt.toolkit" value="sun.awt.X11.XToolkit"/><property name="java.specification.version" value="11"/><property name="sun.cpu.isalist" value=""/><property name="sun.jnu.encoding" value="UTF-8"/><property name="java.class.path" value="/usr/lib/jvm/java-11-openjdk-amd64/lib/jfxrt.jar:/media/kung/UNIX_DATA/SoapUI/SoapUI-5.6.0/bin/soapui-5.6.0.jar:/media/kung/UNIX_DATA/SoapUI/SoapUI-5.6.0/lib/log4j-1.2.14.jar:/media/kung/UNIX_DATA/SoapUI/SoapUI-5.6.0/lib/xmlsec-1.4.5.jar:/media/kung/UNIX_DATA/SoapUI/SoapUI-5.6.0/lib/json-smart-1.2.jar:/media/kung/UNIX_DATA/SoapUI/SoapUI-5.6.0/lib/ezmorph-1.0.5.jar:/media/kung/UNIX_DATA/SoapUI/SoapUI-5.6.0/lib/commons-cli-1.2.jar:/media/kung/UNIX_DATA/SoapUI/SoapUI-5.6.0/lib/xml-apis-2.9.1.jar:/media/kung/UNIX_DATA/SoapUI/SoapUI-5.6.0/lib/org.apache.oltu.oauth2.client-0.31.jar:/media/kung/UNIX_DATA/SoapUI/SoapUI-5.6.0/lib/jetty-6.1.26.jar:/media/kung/UNIX_DATA/SoapUI/SoapUI-5.6.0/lib/xml-apis-1.3.04.jar:/media/kung/UNIX_DATA/SoapUI/SoapUI-5.6.0/lib/looks-2.2.0.jar:/media/kung/UNIX_DATA/SoapUI/SoapUI-5.6.0/lib/jsr173_api-1.0.jar:/media/kung/UNIX_DATA/SoapUI/SoapUI-5.6.0/lib/slf4j-api-1.6.1.jar:/media/kung/UNIX_DATA/SoapUI/SoapUI-5.6.0/lib/mail-1.4.jar:/media/kung/UNIX_DATA/SoapUI/SoapUI-5.6.0/lib/javafx-base-12.jar:/media/kung/UNIX_DATA/SoapUI/SoapUI-5.6.0/lib/httpcore-nio-4.4.9.jar:/media/kung/UNIX_DATA/SoapUI/SoapUI-5.6.0/lib/flex-messaging-opt-1.0.jar:/media/kung/UNIX_DATA/SoapUI/SoapUI-5.6.0/lib/ws-commons-util-1.0.2.jar:/media/kung/UNIX_DATA/SoapUI/SoapUI-5.6.0/lib/proxy-vole-20131209.jar:/media/kung/UNIX_DATA/SoapUI/SoapUI-5.6.0/lib/binding-2.0.1.jar:/media/kung/UNIX_DATA/SoapUI/SoapUI-5.6.0/lib/commons-lang-2.4.jar:/media/kung/UNIX_DATA/SoapUI/SoapUI-5.6.0/lib/org.apache.oltu.oauth2.httpclient4-0.31.jar:/media/kung/UNIX_DATA/SoapUI/SoapUI-5.6.0/lib/htmlunit-2.7.jar:/media/kung/UNIX_DATA/SoapUI/SoapUI-5.6.0/lib/openws-1.4.2-1.jar:/media/kung/UNIX_DATA/SoapUI/SoapUI-5.6.0/lib/google-oauth-client-1.21.0.jar:/media/kung/UNIX_DATA/SoapUI/SoapUI-5.6.0/lib/xom-1.1.jar:/media/kung/UNIX_DATA/SoapUI/SoapUI-5.6.0/lib/xmlbeans-xpath-2.6.0.jar:/media/kung/UNIX_DATA/SoapUI/SoapUI-5.6.0/lib/animal-sniffer-annotations-1.11.jar:/media/kung/UNIX_DATA/SoapUI/SoapUI-5.6.0/lib/sac-1.3.jar:/media/kung/UNIX_DATA/SoapUI/SoapUI-5.6.0/lib/swingx-soapui.jar:/media/kung/UNIX_DATA/SoapUI/SoapUI-5.6.0/lib/flex-messaging-common-1.0.jar:/media/kung/UNIX_DATA/SoapUI/SoapUI-5.6.0/lib/dom4j-1.6.1.jar:/media/kung/UNIX_DATA/SoapUI/SoapUI-5.6.0/lib/jaxen-1.1-beta-8.jar:/media/kung/UNIX_DATA/SoapUI/SoapUI-5.6.0/lib/activation-1.1.jar:/media/kung/UNIX_DATA/SoapUI/SoapUI-5.6.0/lib/jcifs-1.2.9.jar:/media/kung/UNIX_DATA/SoapUI/SoapUI-5.6.0/lib/serializer-2.7.1.jar:/media/kung/UNIX_DATA/SoapUI/SoapUI-5.6.0/lib/jetty-util-6.1.26.jar:/media/kung/UNIX_DATA/SoapUI/SoapUI-5.6.0/lib/flex-messaging-proxy-1.0.jar:/media/kung/UNIX_DATA/SoapUI/SoapUI-5.6.0/lib/json-lib-2.2.2-jdk15.jar:/media/kung/UNIX_DATA/SoapUI/SoapUI-5.6.0/lib/rsyntaxtextarea-2.5.0.jar:/media/kung/UNIX_DATA/SoapUI/SoapUI-5.6.0/lib/commons-beanutils-1.7.0.jar:/media/kung/UNIX_DATA/SoapUI/SoapUI-5.6.0/lib/jettison-1.2.jar:/media/kung/UNIX_DATA/SoapUI/SoapUI-5.6.0/lib/xmlbeans-3.1.1-sb-fixed.jar:/media/kung/UNIX_DATA/SoapUI/SoapUI-5.6.0/lib/bcprov-ext-jdk15on-1.60.jar:/media/kung/UNIX_DATA/SoapUI/SoapUI-5.6.0/lib/hermes-1.14.jar:/media/kung/UNIX_DATA/SoapUI/SoapUI-5.6.0/lib/org.apache.oltu.oauth2.common-0.31.jar:/media/kung/UNIX_DATA/SoapUI/SoapUI-5.6.0/lib/xmltooling-1.3.2-1.jar:/media/kung/UNIX_DATA/SoapUI/SoapUI-5.6.0/lib/httpmime-4.5.5.jar:/media/kung/UNIX_DATA/SoapUI/SoapUI-5.6.0/lib/javafx-base-12-linux.jar:/media/kung/UNIX_DATA/SoapUI/SoapUI-5.6.0/lib/not-going-to-be-commons-ssl-0.3.20.jar:/media/kung/UNIX_DATA/SoapUI/SoapUI-5.6.0/lib/i4jruntime-5.1.14.jar:/media/kung/UNIX_DATA/SoapUI/SoapUI-5.6.0/lib/analytics-core-5.5.1.jar:/media/kung/UNIX_DATA/SoapUI/SoapUI-5.6.0/lib/guava-14.0.jar:/media/kung/UNIX_DATA/SoapUI/SoapUI-5.6.0/lib/json-20090211.jar:/media/kung/UNIX_DATA/SoapUI/SoapUI-5.6.0/lib/l2fprod-common-directorychooser-7.3.jar:/media/kung/UNIX_DATA/SoapUI/SoapUI-5.6.0/lib/google-http-client-1.21.0.jar:/media/kung/UNIX_DATA/SoapUI/SoapUI-5.6.0/lib/slf4j-log4j12-1.6.4.jar:/media/kung/UNIX_DATA/SoapUI/SoapUI-5.6.0/lib/servlet-api-2.5-20081211.jar:/media/kung/UNIX_DATA/SoapUI/SoapUI-5.6.0/lib/saxon-dom-9.1.0.8j.jar:/media/kung/UNIX_DATA/SoapUI/SoapUI-5.6.0/lib/json-path-0.9.1.jar:/media/kung/UNIX_DATA/SoapUI/SoapUI-5.6.0/lib/l2fprod-common-fontchooser-7.3.jar:/media/kung/UNIX_DATA/SoapUI/SoapUI-5.6.0/lib/opensaml-2.5.1-1.jar:/media/kung/UNIX_DATA/SoapUI/SoapUI-5.6.0/lib/javafx-graphics-12.jar:/media/kung/UNIX_DATA/SoapUI/SoapUI-5.6.0/lib/jtidy-r872-jdk15.jar:/media/kung/UNIX_DATA/SoapUI/SoapUI-5.6.0/lib/flex-messaging-remoting-1.0.jar:/media/kung/UNIX_DATA/SoapUI/SoapUI-5.6.0/lib/xercesImpl-2.9.1.jar:/media/kung/UNIX_DATA/SoapUI/SoapUI-5.6.0/lib/commons-logging-1.2.jar:/media/kung/UNIX_DATA/SoapUI/SoapUI-5.6.0/lib/xmlbeans-xmlpublic-2.6.0.jar:/media/kung/UNIX_DATA/SoapUI/SoapUI-5.6.0/lib/htmlunit-core-js-2.7.jar:/media/kung/UNIX_DATA/SoapUI/SoapUI-5.6.0/lib/commons-httpclient-3.1.jar:/media/kung/UNIX_DATA/SoapUI/SoapUI-5.6.0/lib/httpclient-cache-4.5.5.jar:/media/kung/UNIX_DATA/SoapUI/SoapUI-5.6.0/lib/saxon-9.jar:/media/kung/UNIX_DATA/SoapUI/SoapUI-5.6.0/lib/joda-time-1.6.2.jar:/media/kung/UNIX_DATA/SoapUI/SoapUI-5.6.0/lib/javafx-web-12-linux.jar:/media/kung/UNIX_DATA/SoapUI/SoapUI-5.6.0/lib/javafx-media-12.jar:/media/kung/UNIX_DATA/SoapUI/SoapUI-5.6.0/lib/wsdl4j-1.6.2-fixed.jar:/media/kung/UNIX_DATA/SoapUI/SoapUI-5.6.0/lib/jms-1.1.jar:/media/kung/UNIX_DATA/SoapUI/SoapUI-5.6.0/lib/cssparser-0.9.5.jar:/media/kung/UNIX_DATA/SoapUI/SoapUI-5.6.0/lib/saxon-9.1.0.8j.jar:/media/kung/UNIX_DATA/SoapUI/SoapUI-5.6.0/lib/jsr305-1.3.9.jar:/media/kung/UNIX_DATA/SoapUI/SoapUI-5.6.0/lib/javafx-controls-12.jar:/media/kung/UNIX_DATA/SoapUI/SoapUI-5.6.0/lib/mixpanel-java-1.4.4.jar:/media/kung/UNIX_DATA/SoapUI/SoapUI-5.6.0/lib/javafx-media-12-linux.jar:/media/kung/UNIX_DATA/SoapUI/SoapUI-5.6.0/lib/groovy-all-2.4.17.jar:/media/kung/UNIX_DATA/SoapUI/SoapUI-5.6.0/lib/commons-collections-3.2.2.jar:/media/kung/UNIX_DATA/SoapUI/SoapUI-5.6.0/lib/reflections-0.9.9-RC1.jar:/media/kung/UNIX_DATA/SoapUI/SoapUI-5.6.0/lib/junit-4.12.jar:/media/kung/UNIX_DATA/SoapUI/SoapUI-5.6.0/lib/bcprov-jdk15on-1.60.jar:/media/kung/UNIX_DATA/SoapUI/SoapUI-5.6.0/lib/js-1.7R2.jar:/media/kung/UNIX_DATA/SoapUI/SoapUI-5.6.0/lib/hamcrest-core-1.3.jar:/media/kung/UNIX_DATA/SoapUI/SoapUI-5.6.0/lib/wss4j-1.6.16.jar:/media/kung/UNIX_DATA/SoapUI/SoapUI-5.6.0/lib/javafx-swing-12-linux.jar:/media/kung/UNIX_DATA/SoapUI/SoapUI-5.6.0/lib/nekohtml-1.9.14.jar:/media/kung/UNIX_DATA/SoapUI/SoapUI-5.6.0/lib/javafx-controls-12-linux.jar:/media/kung/UNIX_DATA/SoapUI/SoapUI-5.6.0/lib/flex-messaging-core-1.0.jar:/media/kung/UNIX_DATA/SoapUI/SoapUI-5.6.0/lib/jdom-1.0.jar:/media/kung/UNIX_DATA/SoapUI/SoapUI-5.6.0/lib/commons-codec-1.10.jar:/media/kung/UNIX_DATA/SoapUI/SoapUI-5.6.0/lib/forms-1.0.7.jar:/media/kung/UNIX_DATA/SoapUI/SoapUI-5.6.0/lib/javafx-graphics-12-linux.jar:/media/kung/UNIX_DATA/SoapUI/SoapUI-5.6.0/lib/bcprov-jdk15-144.jar:/media/kung/UNIX_DATA/SoapUI/SoapUI-5.6.0/lib/stax-api-1.0.1.jar:/media/kung/UNIX_DATA/SoapUI/SoapUI-5.6.0/lib/commons-io-2.4.jar:/media/kung/UNIX_DATA/SoapUI/SoapUI-5.6.0/lib/xalan-2.7.1.jar:/media/kung/UNIX_DATA/SoapUI/SoapUI-5.6.0/lib/maven-plugin-api-2.0.jar:/media/kung/UNIX_DATA/SoapUI/SoapUI-5.6.0/lib/httpcore-4.4.9.jar:/media/kung/UNIX_DATA/SoapUI/SoapUI-5.6.0/lib/httpclient-4.5.5.jar:/media/kung/UNIX_DATA/SoapUI/SoapUI-5.6.0/lib/xmlParserAPIs-2.6.2.jar:/media/kung/UNIX_DATA/SoapUI/SoapUI-5.6.0/lib/javassist-3.16.1-GA.jar:/media/kung/UNIX_DATA/SoapUI/SoapUI-5.6.0/lib/xmlunit-1.2.jar:/media/kung/UNIX_DATA/SoapUI/SoapUI-5.6.0/lib/out-app-analytics-provider-5.5.1.jar:/media/kung/UNIX_DATA/SoapUI/SoapUI-5.6.0/lib/xstream-1.3.1.jar"/><property name="sun.awt.enableExtraMouseButtons" value="true"/><property name="java.vm.vendor" value="Debian"/><property name="sun.arch.data.model" value="64"/><property name="sun.font.fontmanager" value="sun.awt.X11FontManager"/><property name="java.vendor.url" value="https://tracker.debian.org/openjdk-11"/><property name="user.timezone" value="Europe/Paris"/><property name="os.name" value="Linux"/><property name="java.vm.specification.version" value="11"/><property name="sun.java.launcher" value="SUN_STANDARD"/><property name="user.country" value="FR"/><property name="sun.boot.library.path" value="/usr/lib/jvm/java-11-openjdk-amd64/lib"/><property name="sun.java.command" value="com.eviware.soapui.tools.SoapUITestCaseRunner -j OpenWeatherTest-soapui-project.xml"/><property name="jdk.debug" value="release"/><property name="sun.cpu.endian" value="little"/><property name="user.home" value="/home/kung"/><property name="user.language" value="fr"/><property name="java.specification.vendor" value="Oracle Corporation"/><property name="soapui.home" value="/media/kung/UNIX_DATA/SoapUI/SoapUI-5.6.0/bin"/><property name="java.version.date" value="2020-04-14"/><property name="java.home" value="/usr/lib/jvm/java-11-openjdk-amd64"/><property name="file.separator" value="/"/><property name="java.vm.compressedOopsMode" value="32-bit"/><property name="line.separator" value="
"/><property name="java.specification.name" value="Java Platform API Specification"/><property name="java.vm.specification.vendor" value="Oracle Corporation"/><property name="java.awt.graphicsenv" value="sun.awt.X11GraphicsEnvironment"/><property name="soapui.ext.listeners" value="/media/kung/UNIX_DATA/SoapUI/SoapUI-5.6.0/bin/listeners"/><property name="groovy.source.encoding" value="iso-8859-1"/><property name="sun.management.compiler" value="HotSpot 64-Bit Tiered Compilers"/><property name="java.runtime.version" value="11.0.7+10-post-Debian-3deb10u1"/><property name="user.name" value="kung"/><property name="path.separator" value=":"/><property name="os.version" value="4.19.0-9-amd64"/><property name="java.runtime.name" value="OpenJDK Runtime Environment"/><property name="file.encoding" value="UTF-8"/><property name="soapui.ext.libraries" value="/media/kung/UNIX_DATA/SoapUI/SoapUI-5.6.0/bin/ext"/><property name="java.vm.name" value="OpenJDK 64-Bit Server VM"/><property name="java.vendor.url.bug" value="https://bugs.debian.org/openjdk-11"/><property name="java.io.tmpdir" value="/tmp"/><property name="java.version" value="11.0.7"/><property name="user.dir" value="/media/kung/UNIX_DATA/SoapUI"/><property name="os.arch" value="amd64"/><property name="java.vm.specification.name" value="Java Virtual Machine Specification"/><property name="java.awt.printerjob" value="sun.print.PSPrinterJob"/><property name="sun.os.patch.level" value="unknown"/><property name="java.library.path" value="/usr/java/packages/lib:/usr/lib/x86_64-linux-gnu/jni:/lib/x86_64-linux-gnu:/usr/lib/x86_64-linux-gnu:/usr/lib/jni:/lib:/usr/lib"/><property name="java.vendor" value="Debian"/><property name="java.vm.info" value="mixed mode, sharing"/><property name="java.vm.version" value="11.0.7+10-post-Debian-3deb10u1"/><property name="sun.io.unicode.encoding" value="UnicodeLittle"/><property name="soapui.ext.actions" value="/media/kung/UNIX_DATA/SoapUI/SoapUI-5.6.0/bin/actions"/><property name="java.class.version" value="55.0"/><property name="soapui.properties" value="soapui.properties"/></properties><testcase name="ForecastSuccess" time="0.506"/><testcase name="MunchenForecastAssertError" time="0.023"><failure type="Cancelling due to failed test step" message="Cancelling due to failed test step"><![CDATA[<h3><b>GetMunchenForecast Failed</b></h3><pre>[CheckPopulation] Comparison failed for path [$..population], expecting [[9300]], actual was [[0]]
</pre><hr/>]]></failure></testcase></testsuite>